<?xml version="1.0" encoding="UTF-8"?>
<!-- Generated by org.testng.reporters.JUnitXMLReporter -->
<testsuite hostname="LAPTOP-BUDAIQQH" ignored="0" name="Test" tests="4" failures="0" timestamp="2021-11-02T07:07:42 IST" time="0.06" errors="0">
  <testcase name="Iosapps" time="0.005" classname="org.sujeet.eclipse.Mavenjava.AppiumTest"/>
  <testcase name="Nativeappandroid" time="0.001" classname="org.sujeet.eclipse.Mavenjava.AppiumTest"/>
  <testcase name="Browserautomation" time="0.0" classname="org.sujeet.eclipse.Mavenjava.SeleniumTest"/>
  <testcase name="Elementsui" time="0.001" classname="org.sujeet.eclipse.Mavenjava.SeleniumTest"/>
</testsuite> <!-- Test -->
